<?xml version="1.0" encoding="UTF-8"?>
<!-- Generated by org.testng.reporters.JUnitReportReporter -->
<testsuite skipped="0" hostname="apanigrahi-pc" name="com.project.Testcases.LoginToSauceDemo" tests="1" failures="0" timestamp="2020-03-13T23:34:52 IST" time="3.037" errors="0">
  <testcase name="loginToSauceDemo" time="3.037" classname="com.project.Testcases.LoginToSauceDemo"/>
</testsuite> <!-- com.project.Testcases.LoginToSauceDemo -->
