<?xml version="1.0" encoding="UTF-8"?>
<!-- Generated by org.testng.reporters.JUnitReportReporter -->
<testsuite skipped="0" hostname="apanigrahi-pc" name="com.project.Testcases.NavigateToSauceDemo" tests="3" failures="0" timestamp="2020-03-13T23:45:10 IST" time="15.321" errors="0">
  <testcase name="navigateToSauceDemo" time="11.020" classname="com.project.Testcases.NavigateToSauceDemo"/>
  <testcase name="loginToSauceDemo" time="3.265" classname="com.project.Testcases.NavigateToSauceDemo"/>
  <testcase name="logoutOfSauceDemo" time="1.036" classname="com.project.Testcases.NavigateToSauceDemo"/>
</testsuite> <!-- com.project.Testcases.NavigateToSauceDemo -->
