<?xml version="1.0" encoding="UTF-8"?>
<!-- Generated by org.testng.reporters.JUnitReportReporter -->
<testsuite hostname="abhishekp-PC" failures="0" tests="3" name="testCases.FunctionLibrary" time="65.912" errors="0" timestamp="2020-02-09T22:18:26 IST" skipped="0">
  <testcase classname="testCases.FunctionLibrary" name="navigateToSauceDemo" time="10.252"/>
  <testcase classname="testCases.FunctionLibrary" name="loginToSauceDemo" time="43.014"/>
  <testcase classname="testCases.FunctionLibrary" name="logoutOfSauceDemo" time="12.646"/>
</testsuite> <!-- testCases.FunctionLibrary -->
