<?xml version="1.0" encoding="UTF-8"?>
<!-- Generated by org.testng.reporters.JUnitReportReporter -->
<testsuite hostname="abhishekp-PC" failures="0" tests="3" name="testCases.BaseClass" time="93.731" errors="0" timestamp="2020-02-10T23:43:06 IST" skipped="0">
  <testcase classname="testCases.BaseClass" name="navigateToSauceDemo" time="39.634"/>
  <testcase classname="testCases.BaseClass" name="loginToSauceDemo" time="52.784"/>
  <testcase classname="testCases.BaseClass" name="logoutOfSauceDemo" time="1.313"/>
</testsuite> <!-- testCases.BaseClass -->
