<?xml version="1.0" encoding="UTF-8"?>
<!-- Generated by org.testng.reporters.JUnitReportReporter -->
<testsuite skipped="0" hostname="apanigrahi-pc" name="com.project.Testcases.NavigateAndLoginToSauceDemo" tests="3" failures="0" timestamp="2020-03-29T21:13:57 IST" time="34.206" errors="0">
  <testcase name="loginToSauceDemo" time="11.806" classname="com.project.Testcases.NavigateAndLoginToSauceDemo"/>
  <system-out/>
  <testcase name="navigateToSauceDemo" time="10.941" classname="com.project.Testcases.NavigateAndLoginToSauceDemo"/>
  <system-out/>
  <testcase name="logoutOfSauceDemo" time="11.459" classname="com.project.Testcases.NavigateAndLoginToSauceDemo"/>
  <system-out/>
</testsuite> <!-- com.project.Testcases.NavigateAndLoginToSauceDemo -->
