<?xml version="1.0" encoding="UTF-8"?>
<!-- Generated by org.testng.reporters.JUnitReportReporter -->
<testsuite skipped="0" hostname="apanigrahi-pc" name="com.project.Testcases.BaseClass" tests="3" failures="0" timestamp="2020-03-09T09:53:42 IST" time="15.741" errors="0">
  <testcase name="navigateToSauceDemo" time="9.181" classname="com.project.Testcases.BaseClass"/>
  <testcase name="loginToSauceDemo" time="4.527" classname="com.project.Testcases.BaseClass"/>
  <testcase name="logoutOfSauceDemo" time="2.033" classname="com.project.Testcases.BaseClass"/>
</testsuite> <!-- com.project.Testcases.BaseClass -->
