<?xml version="1.0" encoding="UTF-8"?>
<!-- Generated by org.testng.reporters.JUnitReportReporter -->
<testsuite skipped="0" hostname="apanigrahi-pc" name="com.project.Testcases.NavigateAndLoginToSauceDemo" tests="3" failures="0" timestamp="2020-03-18T01:38:03 IST" time="15.734" errors="0">
  <testcase name="logoutOfSauceDemo" time="1.174" classname="com.project.Testcases.NavigateAndLoginToSauceDemo"/>
  <testcase name="navigateToSauceDemo" time="10.159" classname="com.project.Testcases.NavigateAndLoginToSauceDemo"/>
  <testcase name="loginToSauceDemo" time="4.401" classname="com.project.Testcases.NavigateAndLoginToSauceDemo"/>
</testsuite> <!-- com.project.Testcases.NavigateAndLoginToSauceDemo -->
