<?xml version="1.0" encoding="UTF-8"?>
<!-- Generated by org.testng.reporters.JUnitReportReporter -->
<testsuite skipped="0" hostname="apanigrahi-pc" name="com.project.Testcases.LogOutOfSauceDemo" tests="1" failures="0" timestamp="2020-03-13T23:34:52 IST" time="1.035" errors="0">
  <testcase name="logoutOfSauceDemo" time="1.035" classname="com.project.Testcases.LogOutOfSauceDemo"/>
</testsuite> <!-- com.project.Testcases.LogOutOfSauceDemo -->
