<?xml version="1.0" encoding="UTF-8"?>
<!-- Generated by org.testng.reporters.JUnitReportReporter -->
<testsuite hostname="abhishekp-PC" failures="0" tests="1" name="testCases.NewTest" time="0.024" errors="0" timestamp="2020-02-06T01:09:26 IST" skipped="0">
  <testcase classname="testCases.NewTest" name="f" time="0.024"/>
</testsuite> <!-- testCases.NewTest -->
