<?xml version="1.0" encoding="UTF-8"?>
<!-- Generated by org.testng.reporters.JUnitReportReporter -->
<testsuite skipped="0" hostname="apanigrahi-pc" name="com.project.Testcases.NavigateAndLoginToSauceDemo" tests="3" failures="0" timestamp="2020-03-14T00:35:31 IST" time="13.517" errors="0">
  <testcase name="navigateToSauceDemo" time="8.749" classname="com.project.Testcases.NavigateAndLoginToSauceDemo"/>
  <testcase name="loginToSauceDemo" time="3.673" classname="com.project.Testcases.NavigateAndLoginToSauceDemo"/>
  <testcase name="logoutOfSauceDemo" time="1.095" classname="com.project.Testcases.NavigateAndLoginToSauceDemo"/>
</testsuite> <!-- com.project.Testcases.NavigateAndLoginToSauceDemo -->
