<?xml version="1.0" encoding="UTF-8"?>
<!-- Generated by org.testng.reporters.JUnitReportReporter -->
<testsuite hostname="abhishekp-PC" failures="0" tests="2" name="testCases.NewTest" time="36.443" errors="0" timestamp="2020-02-08T17:45:43 IST" skipped="0">
  <testcase classname="testCases.NewTest" name="navigateToSauceLab" time="15.414"/>
  <testcase classname="testCases.NewTest" name="loginToSauceLab" time="21.029"/>
</testsuite> <!-- testCases.NewTest -->
