<?xml version="1.0" encoding="UTF-8"?>
<!-- Generated by org.testng.reporters.JUnitReportReporter -->
<testsuite hostname="abhishekp-PC" failures="0" tests="3" name="testCases.BaseClass" time="40.042" errors="0" timestamp="2020-02-13T00:10:31 IST" skipped="0">
  <testcase classname="testCases.BaseClass" name="navigateToSauceDemo" time="7.673"/>
  <testcase classname="testCases.BaseClass" name="loginToSauceDemo" time="30.427"/>
  <testcase classname="testCases.BaseClass" name="logoutOfSauceDemo" time="1.942"/>
</testsuite> <!-- testCases.BaseClass -->
