<?xml version="1.0" encoding="UTF-8"?>
<!-- Generated by org.testng.reporters.JUnitReportReporter -->
<testsuite skipped="0" hostname="apanigrahi-pc" name="com.project.Testcases.NavigateToSauceDemo" tests="1" failures="0" timestamp="2020-03-13T22:51:52 IST" time="9.466" errors="0">
  <testcase name="navigateToSauceDemo" time="9.466" classname="com.project.Testcases.NavigateToSauceDemo"/>
</testsuite> <!-- com.project.Testcases.NavigateToSauceDemo -->
