<?xml version="1.0" encoding="UTF-8"?>
<!-- Generated by org.testng.reporters.JUnitReportReporter -->
<testsuite hostname="abhishekp-PC" failures="0" tests="3" name="testCases.BaseClass" time="13.603" errors="0" timestamp="2020-02-09T03:55:08 IST" skipped="0">
  <testcase classname="testCases.BaseClass" name="navigateToSauceDemo" time="5.903"/>
  <testcase classname="testCases.BaseClass" name="loginToSauceDemo" time="5.140"/>
  <testcase classname="testCases.BaseClass" name="logoutOfSauceLab" time="2.560"/>
</testsuite> <!-- testCases.BaseClass -->
