<?xml version="1.0" encoding="UTF-8"?>
<!-- Generated by org.testng.reporters.JUnitReportReporter -->
<testsuite skipped="0" hostname="apanigrahi-pc" name="com.project.testcases.NavigateAndLoginToSauceDemo" tests="3" failures="0" timestamp="2020-04-06T02:38:20 IST" time="23.073" errors="0">
  <testcase name="loginToSauceDemo" time="7.199" classname="com.project.testcases.NavigateAndLoginToSauceDemo"/>
  <system-out/>
  <testcase name="navigateToSauceDemo" time="14.805" classname="com.project.testcases.NavigateAndLoginToSauceDemo"/>
  <system-out/>
  <testcase name="logoutOfSauceDemo" time="1.069" classname="com.project.testcases.NavigateAndLoginToSauceDemo"/>
  <system-out/>
</testsuite> <!-- com.project.testcases.NavigateAndLoginToSauceDemo -->
