<?xml version="1.0" encoding="UTF-8"?>
<!-- Generated by org.testng.reporters.JUnitReportReporter -->
<testsuite skipped="0" hostname="apanigrahi-pc" name="com.project.testcases.BuyProduct" tests="1" failures="0" timestamp="2020-04-11T03:33:18 IST" time="12.380" errors="0">
  <testcase name="buyProduct" time="12.380" classname="com.project.testcases.BuyProduct"/>
  <system-out/>
</testsuite> <!-- com.project.testcases.BuyProduct -->
