<?xml version="1.0" encoding="UTF-8"?>
<!-- Generated by org.testng.reporters.JUnitReportReporter -->
<testsuite hostname="abhishekp-PC" failures="0" tests="3" name="com.project.Testcases.BaseClass" time="16.949" errors="0" timestamp="2020-02-21T16:00:13 IST" skipped="0">
  <testcase classname="com.project.Testcases.BaseClass" name="navigateToSauceDemo" time="8.312"/>
  <testcase classname="com.project.Testcases.BaseClass" name="loginToSauceDemo" time="7.406"/>
  <testcase classname="com.project.Testcases.BaseClass" name="logoutOfSauceDemo" time="1.231"/>
</testsuite> <!-- com.project.Testcases.BaseClass -->
