<?xml version="1.0" encoding="UTF-8"?>
<!-- Generated by org.testng.reporters.JUnitReportReporter -->
<testsuite hostname="abhishekp-PC" failures="0" tests="3" name="com.project.Testcases.BaseClass" time="30.850" errors="0" timestamp="2020-02-22T14:31:40 IST" skipped="0">
  <testcase classname="com.project.Testcases.BaseClass" name="navigateToSauceDemo" time="9.590"/>
  <testcase classname="com.project.Testcases.BaseClass" name="loginToSauceDemo" time="19.945"/>
  <testcase classname="com.project.Testcases.BaseClass" name="logoutOfSauceDemo" time="1.315"/>
</testsuite> <!-- com.project.Testcases.BaseClass -->
