<?xml version="1.0" encoding="UTF-8"?>
<!-- Generated by org.testng.reporters.JUnitReportReporter -->
<testsuite hostname="abhishekp-PC" failures="0" tests="3" name="testCases.BaseClass" time="16.418" errors="0" timestamp="2020-02-11T03:03:49 IST" skipped="0">
  <testcase classname="testCases.BaseClass" name="navigateToSauceDemo" time="7.749"/>
  <testcase classname="testCases.BaseClass" name="loginToSauceDemo" time="7.161"/>
  <testcase classname="testCases.BaseClass" name="logoutOfSauceDemo" time="1.508"/>
</testsuite> <!-- testCases.BaseClass -->
